
A module that was compiled using NumPy 1.x cannot be run in
NumPy 2.3.3 as it may crash. To support both 1.x and 2.x
versions of NumPy, modules must be compiled with NumPy 2.0.
Some module may need to rebuild instead e.g. with 'pybind11>=2.12'.

If you are a user of the module, the easiest solution will be to
downgrade to 'numpy<2' or try to upgrade the affected module.
We expect that some modules will need time to support NumPy 2.

Traceback (most recent call last):  File "/home/a.urbinati/calibration-bias-main/src/2.calibration.py", line 2, in <module>
    from transformers import AutoModelForCausalLM,AutoTokenizer
  File "/home/a.urbinati/.local/lib/python3.12/site-packages/transformers/utils/import_utils.py", line 2317, in __getattr__
    module = self._get_module(self._class_to_module[name])
  File "/home/a.urbinati/.local/lib/python3.12/site-packages/transformers/utils/import_utils.py", line 2345, in _get_module
    return importlib.import_module("." + module_name, self.__name__)
  File "/shared/EL9/explorer/anaconda3/2024.06/lib/python3.12/importlib/__init__.py", line 90, in import_module
    return _bootstrap._gcd_import(name[level:], package, level)
  File "/home/a.urbinati/.local/lib/python3.12/site-packages/transformers/models/auto/modeling_auto.py", line 23, in <module>
    from .auto_factory import (
  File "/home/a.urbinati/.local/lib/python3.12/site-packages/transformers/models/auto/auto_factory.py", line 43, in <module>
    from ...generation import GenerationMixin
  File "/home/a.urbinati/.local/lib/python3.12/site-packages/transformers/utils/import_utils.py", line 2317, in __getattr__
    module = self._get_module(self._class_to_module[name])
  File "/home/a.urbinati/.local/lib/python3.12/site-packages/transformers/utils/import_utils.py", line 2345, in _get_module
    return importlib.import_module("." + module_name, self.__name__)
  File "/shared/EL9/explorer/anaconda3/2024.06/lib/python3.12/importlib/__init__.py", line 90, in import_module
    return _bootstrap._gcd_import(name[level:], package, level)
  File "/home/a.urbinati/.local/lib/python3.12/site-packages/transformers/generation/utils.py", line 55, in <module>
    from .candidate_generator import (
  File "/home/a.urbinati/.local/lib/python3.12/site-packages/transformers/generation/candidate_generator.py", line 29, in <module>
    from sklearn.metrics import roc_curve
  File "/home/a.urbinati/.local/lib/python3.12/site-packages/sklearn/__init__.py", line 73, in <module>
    from .base import clone  # noqa: E402
  File "/home/a.urbinati/.local/lib/python3.12/site-packages/sklearn/base.py", line 19, in <module>
    from .utils._metadata_requests import _MetadataRequester, _routing_enabled
  File "/home/a.urbinati/.local/lib/python3.12/site-packages/sklearn/utils/__init__.py", line 9, in <module>
    from ._chunking import gen_batches, gen_even_slices
  File "/home/a.urbinati/.local/lib/python3.12/site-packages/sklearn/utils/_chunking.py", line 11, in <module>
    from ._param_validation import Interval, validate_params
  File "/home/a.urbinati/.local/lib/python3.12/site-packages/sklearn/utils/_param_validation.py", line 17, in <module>
    from .validation import _is_arraylike_not_scalar
  File "/home/a.urbinati/.local/lib/python3.12/site-packages/sklearn/utils/validation.py", line 21, in <module>
    from ..utils._array_api import _asarray_with_order, _is_numpy_namespace, get_namespace
  File "/home/a.urbinati/.local/lib/python3.12/site-packages/sklearn/utils/_array_api.py", line 20, in <module>
    from .fixes import parse_version
  File "/home/a.urbinati/.local/lib/python3.12/site-packages/sklearn/utils/fixes.py", line 20, in <module>
    import pandas as pd
  File "/home/a.urbinati/.local/lib/python3.12/site-packages/pandas/__init__.py", line 49, in <module>
    from pandas.core.api import (
  File "/home/a.urbinati/.local/lib/python3.12/site-packages/pandas/core/api.py", line 28, in <module>
    from pandas.core.arrays import Categorical
  File "/home/a.urbinati/.local/lib/python3.12/site-packages/pandas/core/arrays/__init__.py", line 1, in <module>
    from pandas.core.arrays.arrow import ArrowExtensionArray
  File "/home/a.urbinati/.local/lib/python3.12/site-packages/pandas/core/arrays/arrow/__init__.py", line 5, in <module>
    from pandas.core.arrays.arrow.array import ArrowExtensionArray
  File "/home/a.urbinati/.local/lib/python3.12/site-packages/pandas/core/arrays/arrow/array.py", line 67, in <module>
    from pandas.core.arrays.masked import BaseMaskedArray
  File "/home/a.urbinati/.local/lib/python3.12/site-packages/pandas/core/arrays/masked.py", line 61, in <module>
    from pandas.core import (
  File "/home/a.urbinati/.local/lib/python3.12/site-packages/pandas/core/nanops.py", line 52, in <module>
    bn = import_optional_dependency("bottleneck", errors="warn")
  File "/home/a.urbinati/.local/lib/python3.12/site-packages/pandas/compat/_optional.py", line 135, in import_optional_dependency
    module = importlib.import_module(name)
  File "/shared/EL9/explorer/anaconda3/2024.06/lib/python3.12/importlib/__init__.py", line 90, in import_module
    return _bootstrap._gcd_import(name[level:], package, level)
  File "/shared/EL9/explorer/anaconda3/2024.06/lib/python3.12/site-packages/bottleneck/__init__.py", line 7, in <module>
    from .move import (move_argmax, move_argmin, move_max, move_mean, move_median,
Traceback (most recent call last):
  File "/home/a.urbinati/.local/lib/python3.12/site-packages/numpy/core/_multiarray_umath.py", line 46, in __getattr__
    raise ImportError(msg)
ImportError: 
A module that was compiled using NumPy 1.x cannot be run in
NumPy 2.3.3 as it may crash. To support both 1.x and 2.x
versions of NumPy, modules must be compiled with NumPy 2.0.
Some module may need to rebuild instead e.g. with 'pybind11>=2.12'.

If you are a user of the module, the easiest solution will be to
downgrade to 'numpy<2' or try to upgrade the affected module.
We expect that some modules will need time to support NumPy 2.


  0%|          | 0/39461 [00:00<?, ?it/s]The following generation flags are not valid and may be ignored: ['temperature', 'top_p', 'top_k']. Set `TRANSFORMERS_VERBOSITY=info` for more details.
 55%|█████▌    | 21852/39461 [00:09<00:07, 2240.09it/s] 55%|█████▌    | 21852/39461 [00:20<00:07, 2240.09it/s] 55%|█████▌    | 21862/39461 [00:21<00:20, 842.11it/s]  55%|█████▌    | 21863/39461 [00:22<00:22, 773.79it/s] 55%|█████▌    | 21863/39461 [00:40<00:22, 773.79it/s] 55%|█████▌    | 21880/39461 [00:40<01:06, 265.25it/s] 55%|█████▌    | 21881/39461 [00:41<01:09, 251.53it/s] 55%|█████▌    | 21881/39461 [01:00<01:09, 251.53it/s] 55%|█████▌    | 21898/39461 [01:00<02:37, 111.48it/s] 55%|█████▌    | 21899/39461 [01:01<02:44, 106.49it/s]